\BOOKMARK [0][-]{section*.1}{Abstract}{}% 1
\BOOKMARK [0][-]{section*.2}{Acknowledgements}{}% 2
\BOOKMARK [0][-]{section*.3}{List of Figures}{}% 3
\BOOKMARK [0][-]{chapter.1}{Introduction}{}% 4
\BOOKMARK [1][-]{section.1.1}{In the Beginning}{chapter.1}% 5
\BOOKMARK [1][-]{section.1.2}{The Goal}{chapter.1}% 6
\BOOKMARK [1][-]{section.1.3}{PDDL}{chapter.1}% 7
\BOOKMARK [1][-]{section.1.4}{PDDL4J}{chapter.1}% 8
\BOOKMARK [1][-]{section.1.5}{Satisfiability Problem}{chapter.1}% 9
\BOOKMARK [0][-]{chapter.2}{Literature Review}{}% 10
\BOOKMARK [1][-]{section.2.1}{All About Research}{chapter.2}% 11
\BOOKMARK [1][-]{section.2.2}{PDDL}{chapter.2}% 12
\BOOKMARK [1][-]{section.2.3}{Classical Planning Algorithms}{chapter.2}% 13
\BOOKMARK [1][-]{section.2.4}{SAT and SAT4J}{chapter.2}% 14
\BOOKMARK [1][-]{section.2.5}{Heuristics}{chapter.2}% 15
\BOOKMARK [1][-]{section.2.6}{State of the Art}{chapter.2}% 16
\BOOKMARK [1][-]{section.2.7}{Hypotheses}{chapter.2}% 17
\BOOKMARK [0][-]{chapter.3}{Implementation and Methods}{}% 18
\BOOKMARK [1][-]{section.3.1}{What to do with this research}{chapter.3}% 19
\BOOKMARK [1][-]{section.3.2}{Algorithms and Design}{chapter.3}% 20
\BOOKMARK [1][-]{section.3.3}{How to Evaluate}{chapter.3}% 21
\BOOKMARK [1][-]{section.3.4}{Initial Assumptions}{chapter.3}% 22
\BOOKMARK [0][-]{chapter.4}{Evaluation}{}% 23
\BOOKMARK [1][-]{section.4.1}{Before Testing}{chapter.4}% 24
\BOOKMARK [1][-]{section.4.2}{A* vs Greedy Best First Search and Enforced Hill Climbing}{chapter.4}% 25
\BOOKMARK [1][-]{section.4.3}{Hm vs Fast Forward vs Max vs Sum}{chapter.4}% 26
\BOOKMARK [1][-]{section.4.4}{SAT4J}{chapter.4}% 27
\BOOKMARK [1][-]{section.4.5}{GBFS with Hm}{chapter.4}% 28
\BOOKMARK [1][-]{section.4.6}{Test of Hypotheses}{chapter.4}% 29
\BOOKMARK [0][-]{chapter.5}{Conclusion}{}% 30
\BOOKMARK [1][-]{section.5.1}{Conclusion of Work}{chapter.5}% 31
\BOOKMARK [1][-]{section.5.2}{Limitations}{chapter.5}% 32
\BOOKMARK [1][-]{section.5.3}{Future Work}{chapter.5}% 33
\BOOKMARK [0][-]{section*.32}{Bibliography}{}% 34
\BOOKMARK [0][-]{appendix.A}{Appendix Title Here}{}% 35
